2024-08-13 20:47:05,195 [INFO] Activator:176 - 


2024-08-13 20:47:05,199 [INFO] Activator:177 - !SESSION log4j initialized
2024-08-13 20:47:09,535 [ERROR] LogOutputStream:75 - [STDERR_REDIRECT] 
2024-08-13 20:47:12,363 [ERROR] LogOutputStream:75 - [STDERR_REDIRECT] [Fatal Error] :2:10: DOCTYPE은 "http://apache.org/xml/features/disallow-doctype-decl" 기능이 true로 설정된 경우 허용되지 않습니다.
2024-08-13 20:47:12,370 [ERROR] LogOutputStream:75 - [STDERR_REDIRECT] 
2024-08-13 20:47:13,634 [INFO] LogOutputStream:77 - [STDOUT_REDIRECT] 
2024-08-13 20:47:15,881 [INFO] ApplicationProperties:184 - Using Application install path: /Applications/STM32CubeIDE.app/Contents/Eclipse/plugins/com.st.stm32cube.common.mx_6.12.0.202406281431
2024-08-13 20:47:15,903 [INFO] DbMcusXml:78 - Set database path to: /Applications/STM32CubeIDE.app/Contents/Eclipse/plugins/com.st.stm32cube.common.mx_6.12.0.202406281431//db//mcu/
2024-08-13 20:47:15,904 [INFO] ApiDb:274 - Set plugin database path to: /Applications/STM32CubeIDE.app/Contents/Eclipse/plugins/com.st.stm32cube.common.mx_6.12.0.202406281431//db//plugins/boardmanager/
2024-08-13 20:47:15,905 [WARN] ApiDb:259 - Overriding images path with different value:  => /Applications/STM32CubeIDE.app/Contents/Eclipse/plugins/com.st.stm32cube.common.mx_6.12.0.202406281431//db//plugins/mcufinder/images/
2024-08-13 20:47:15,911 [INFO] ApiDb:250 - Set database path to: /Users/sam/.stmcufinder/plugins/mcufinder//mcu/
2024-08-13 20:47:15,922 [INFO] DbMcusAds:125 - Set database path to: /Users/sam/.stmcufinder/plugins/mcufinder//mcu/
2024-08-13 20:47:15,925 [INFO] CrossReferenceDbSqlite:203 - Set database path to: /Users/sam/.stmcufinder/plugins/mcufinder//mcu/cs/
2024-08-13 20:47:16,148 [INFO] RulesReader:64 - Compatibility file has been processed (297 Rules)
2024-08-13 20:47:16,240 [INFO] DbMcusXml:78 - Set database path to: /Applications/STM32CubeIDE.app/Contents/Eclipse/plugins/com.st.stm32cube.common.mx_6.12.0.202406281431//db//mcu/
2024-08-13 20:47:16,240 [INFO] ApiDb:274 - Set plugin database path to: /Applications/STM32CubeIDE.app/Contents/Eclipse/plugins/com.st.stm32cube.common.mx_6.12.0.202406281431//db//plugins/boardmanager/
2024-08-13 20:47:16,241 [INFO] ApiDb:261 - Set plugin images path to: /Applications/STM32CubeIDE.app/Contents/Eclipse/plugins/com.st.stm32cube.common.mx_6.12.0.202406281431//db//plugins/mcufinder/images/
2024-08-13 20:47:16,241 [WARN] DbFile:41 - Overriding database path with different value: /Users/sam/.stmcufinder/plugins/mcufinder/ => /Users/sam/.stmcufinder/plugins/mcufinder
2024-08-13 20:47:16,241 [INFO] ApiDb:250 - Set database path to: /Users/sam/.stmcufinder/plugins/mcufinder//mcu/
2024-08-13 20:47:16,241 [WARN] DbFile:41 - Overriding database path with different value: /Users/sam/.stmcufinder/plugins/mcufinder/ => /Users/sam/.stmcufinder/plugins/mcufinder
2024-08-13 20:47:16,241 [INFO] DbMcusAds:125 - Set database path to: /Users/sam/.stmcufinder/plugins/mcufinder//mcu/
2024-08-13 20:47:16,241 [WARN] DbFile:41 - Overriding database path with different value: /Users/sam/.stmcufinder/plugins/mcufinder/ => /Users/sam/.stmcufinder/plugins/mcufinder
2024-08-13 20:47:16,241 [WARN] DbFile:41 - Overriding database path with different value: /Users/sam/.stmcufinder/plugins/mcufinder/ => /Users/sam/.stmcufinder/plugins/mcufinder
2024-08-13 20:47:16,242 [INFO] CrossReferenceDbSqlite:203 - Set database path to: /Users/sam/.stmcufinder/plugins/mcufinder//mcu/cs/
2024-08-13 20:47:16,328 [INFO] MainPanel:268 - HeapMemory: 268435456
2024-08-13 20:47:16,974 [INFO] DbMcusXml:78 - Set database path to: /Applications/STM32CubeIDE.app/Contents/Eclipse/plugins/com.st.stm32cube.common.mx_6.12.0.202406281431//db//mcu/
2024-08-13 20:47:16,974 [INFO] ApiDb:274 - Set plugin database path to: /Applications/STM32CubeIDE.app/Contents/Eclipse/plugins/com.st.stm32cube.common.mx_6.12.0.202406281431//db//plugins/boardmanager/
2024-08-13 20:47:16,974 [INFO] ApiDb:261 - Set plugin images path to: /Applications/STM32CubeIDE.app/Contents/Eclipse/plugins/com.st.stm32cube.common.mx_6.12.0.202406281431//db//plugins/mcufinder/images/
2024-08-13 20:47:16,975 [WARN] DbFile:41 - Overriding database path with different value: /Users/sam/.stmcufinder/plugins/mcufinder/ => /Users/sam/.stmcufinder/plugins/mcufinder
2024-08-13 20:47:16,975 [INFO] ApiDb:250 - Set database path to: /Users/sam/.stmcufinder/plugins/mcufinder//mcu/
2024-08-13 20:47:16,975 [WARN] DbFile:41 - Overriding database path with different value: /Users/sam/.stmcufinder/plugins/mcufinder/ => /Users/sam/.stmcufinder/plugins/mcufinder
2024-08-13 20:47:16,975 [INFO] DbMcusAds:125 - Set database path to: /Users/sam/.stmcufinder/plugins/mcufinder//mcu/
2024-08-13 20:47:16,975 [WARN] DbFile:41 - Overriding database path with different value: /Users/sam/.stmcufinder/plugins/mcufinder/ => /Users/sam/.stmcufinder/plugins/mcufinder
2024-08-13 20:47:16,975 [WARN] DbFile:41 - Overriding database path with different value: /Users/sam/.stmcufinder/plugins/mcufinder/ => /Users/sam/.stmcufinder/plugins/mcufinder
2024-08-13 20:47:16,975 [INFO] CrossReferenceDbSqlite:203 - Set database path to: /Users/sam/.stmcufinder/plugins/mcufinder//mcu/cs/
2024-08-13 20:47:16,993 [INFO] ApplicationProperties:184 - Using Application install path: /Applications/STM32CubeIDE.app/Contents/Eclipse/plugins/com.st.stm32cube.common.mx_6.12.0.202406281431
2024-08-13 20:47:16,995 [INFO] PluginManage:196 - Search for loadable plugins [exclusion list=, ]
2024-08-13 20:47:16,997 [INFO] PluginManage:310 - Check plugin analytics
2024-08-13 20:47:17,234 [INFO] AnalyticsPlugin:253 - Accepted Software Licenses: 
2024-08-13 20:47:17,234 [INFO] AnalyticsPlugin:255 - Accepted CMSIS Pack Licenses: 
2024-08-13 20:47:17,234 [INFO] AnalyticsPlugin:257 - Accepted Firmware Licenses: FW.H7.1.11.0
2024-08-13 20:47:17,243 [INFO] PluginManage:359 - Loaded plugin analytics (category:tool,tabindex:-1)
2024-08-13 20:47:17,245 [INFO] PluginManage:310 - Check plugin cadmodel
2024-08-13 20:47:17,260 [INFO] CADModel:105 - Init CAD model plugin
2024-08-13 20:47:17,260 [INFO] PluginManage:359 - Loaded plugin cadmodel (category:power,tabindex:5)
2024-08-13 20:47:17,261 [INFO] PluginManage:310 - Check plugin clock
2024-08-13 20:47:17,270 [INFO] PluginManage:359 - Loaded plugin clock (category:base,tabindex:2)
2024-08-13 20:47:17,271 [INFO] PluginManage:310 - Check plugin ddr
2024-08-13 20:47:17,273 [INFO] PluginManage:359 - Loaded plugin ddr (category:tool,tabindex:6)
2024-08-13 20:47:17,273 [INFO] PluginManage:310 - Check plugin filemanager
2024-08-13 20:47:17,431 [INFO] PluginManage:359 - Loaded plugin filemanager (category:base,tabindex:10)
2024-08-13 20:47:17,431 [INFO] PluginManage:310 - Check plugin ipmanager
2024-08-13 20:47:17,438 [INFO] PluginManage:359 - Loaded plugin ipmanager (category:base,tabindex:5)
2024-08-13 20:47:17,439 [INFO] PluginManage:310 - Check plugin lpbam
2024-08-13 20:47:17,452 [INFO] PluginManage:359 - Loaded plugin lpbam (category:base,tabindex:0)
2024-08-13 20:47:17,452 [INFO] PluginManage:310 - Check plugin memorymap
2024-08-13 20:47:17,461 [INFO] PluginManage:359 - Loaded plugin memorymap (category:base,tabindex:4)
2024-08-13 20:47:17,461 [INFO] PluginManage:310 - Check plugin pinoutandconfiguration
2024-08-13 20:47:17,468 [INFO] PluginManage:359 - Loaded plugin pinoutandconfiguration (category:base,tabindex:1)
2024-08-13 20:47:17,468 [INFO] PluginManage:310 - Check plugin pinoutconfig
2024-08-13 20:47:17,551 [WARN] SupportedApi:132 - Cannot load RTOS API schema: s4s-elt-must-match.1: The content of 'definitions' must match (annotation?, (simpleType | complexType)?, (unique | key | keyref)*)). A problem was found starting at: attribute.
2024-08-13 20:47:17,802 [INFO] PluginManage:359 - Loaded plugin pinoutconfig (category:base,tabindex:0)
2024-08-13 20:47:17,805 [INFO] PluginManage:310 - Check plugin power
2024-08-13 20:47:17,833 [INFO] PluginManage:359 - Loaded plugin power (category:power,tabindex:4)
2024-08-13 20:47:17,833 [INFO] PluginManage:310 - Check plugin projectmanager
2024-08-13 20:47:17,870 [INFO] PluginManage:359 - Loaded plugin projectmanager (category:projectmanager,tabindex:4)
2024-08-13 20:47:17,870 [INFO] PluginManage:310 - Check plugin rif
2024-08-13 20:47:17,876 [INFO] PluginManage:359 - Loaded plugin rif (category:base,tabindex:3)
2024-08-13 20:47:17,877 [INFO] PluginManage:310 - Check plugin thirdparty
2024-08-13 20:47:18,125 [INFO] PluginManage:359 - Loaded plugin thirdparty (category:base,tabindex:-1)
2024-08-13 20:47:18,125 [INFO] PluginManage:310 - Check plugin tools
2024-08-13 20:47:18,124 [WARN] IntegrityCheckThread:84 - waiting for thirdparty lock release [integrity check]
2024-08-13 20:47:18,126 [INFO] IntegrityCheckThread:86 - entering critical section [integrity check]
2024-08-13 20:47:18,127 [INFO] ThirdPartyUpdaterWithRetryManager:70 - Updater plugin not ready yet. [1/15]
2024-08-13 20:47:18,128 [INFO] PluginManage:359 - Loaded plugin tools (category:base,tabindex:7)
2024-08-13 20:47:18,128 [INFO] PluginManage:310 - Check plugin tutovideos
2024-08-13 20:47:18,329 [INFO] PluginManage:359 - Loaded plugin tutovideos (category:base,tabindex:-1)
2024-08-13 20:47:18,329 [INFO] PluginManage:310 - Check plugin updater
2024-08-13 20:47:18,356 [INFO] PluginManage:359 - Loaded plugin updater (category:base,tabindex:12)
2024-08-13 20:47:18,357 [INFO] PluginManage:310 - Check plugin userauth
2024-08-13 20:47:18,363 [INFO] UserAuth:113 - Init User Auth plugin
2024-08-13 20:47:18,363 [INFO] PluginManage:359 - Loaded plugin userauth (category:base,tabindex:14)
2024-08-13 20:47:18,364 [INFO] PluginManage:283 - PluginManage : Loaded plugins [18]
2024-08-13 20:47:18,670 [INFO] PinOutPanel:1561 - setPackage(No Configuration,No Configuration)
2024-08-13 20:47:18,769 [INFO] CADModel:165 - CPN selected for project level
2024-08-13 20:47:18,770 [INFO] CADModel:114 - Register for checkConnection events
2024-08-13 20:47:18,782 [INFO] IPUIPlugin:80 - create IPUIPlugin
2024-08-13 20:47:18,783 [INFO] PluginManager:220 - loadIPPluginJar : add mdma
2024-08-13 20:47:18,789 [INFO] IPUIPlugin:80 - create IPUIPlugin
2024-08-13 20:47:18,789 [INFO] PluginManager:220 - loadIPPluginJar : add freertos
2024-08-13 20:47:18,793 [INFO] IPUIPlugin:80 - create IPUIPlugin
2024-08-13 20:47:18,793 [INFO] PluginManager:220 - loadIPPluginJar : add gic
2024-08-13 20:47:18,801 [INFO] IPUIPlugin:80 - create IPUIPlugin
2024-08-13 20:47:18,801 [INFO] PluginManager:220 - loadIPPluginJar : add adc
2024-08-13 20:47:18,803 [INFO] IPUIPlugin:80 - create IPUIPlugin
2024-08-13 20:47:18,804 [INFO] PluginManager:220 - loadIPPluginJar : add gtzc
2024-08-13 20:47:18,805 [INFO] IPUIPlugin:80 - create IPUIPlugin
2024-08-13 20:47:18,805 [INFO] PluginManager:220 - loadIPPluginJar : add quadspi
2024-08-13 20:47:18,806 [INFO] IPUIPlugin:80 - create IPUIPlugin
2024-08-13 20:47:18,806 [INFO] PluginManager:220 - loadIPPluginJar : add aes
2024-08-13 20:47:18,809 [INFO] IPUIPlugin:80 - create IPUIPlugin
2024-08-13 20:47:18,809 [INFO] PluginManager:220 - loadIPPluginJar : add pdm2pcm
2024-08-13 20:47:18,810 [INFO] IPUIPlugin:80 - create IPUIPlugin
2024-08-13 20:47:18,810 [INFO] PluginManager:220 - loadIPPluginJar : add hash
2024-08-13 20:47:18,812 [INFO] IPUIPlugin:80 - create IPUIPlugin
2024-08-13 20:47:18,812 [INFO] PluginManager:220 - loadIPPluginJar : add tim
2024-08-13 20:47:18,813 [INFO] IPUIPlugin:80 - create IPUIPlugin
2024-08-13 20:47:18,814 [INFO] PluginManager:220 - loadIPPluginJar : add tsc
2024-08-13 20:47:18,816 [INFO] IPUIPlugin:80 - create IPUIPlugin
2024-08-13 20:47:18,816 [INFO] PluginManager:220 - loadIPPluginJar : add extmemmanager
2024-08-13 20:47:18,818 [INFO] IPUIPlugin:80 - create IPUIPlugin
2024-08-13 20:47:18,818 [INFO] PluginManager:220 - loadIPPluginJar : add ts
2024-08-13 20:47:18,820 [INFO] IPUIPlugin:80 - create IPUIPlugin
2024-08-13 20:47:18,821 [INFO] PluginManager:220 - loadIPPluginJar : add radio
2024-08-13 20:47:18,823 [INFO] IPUIPlugin:80 - create IPUIPlugin
2024-08-13 20:47:18,823 [INFO] PluginManager:220 - loadIPPluginJar : add can
2024-08-13 20:47:18,824 [INFO] IPUIPlugin:80 - create IPUIPlugin
2024-08-13 20:47:18,825 [INFO] PluginManager:220 - loadIPPluginJar : add dma3
2024-08-13 20:47:18,826 [INFO] IPUIPlugin:80 - create IPUIPlugin
2024-08-13 20:47:18,826 [INFO] PluginManager:220 - loadIPPluginJar : add dfsdm
2024-08-13 20:47:18,827 [INFO] IPUIPlugin:80 - create IPUIPlugin
2024-08-13 20:47:18,827 [INFO] PluginManager:220 - loadIPPluginJar : add spi
2024-08-13 20:47:18,829 [INFO] IPUIPlugin:80 - create IPUIPlugin
2024-08-13 20:47:18,829 [INFO] PluginManager:220 - loadIPPluginJar : add gfxmmu
2024-08-13 20:47:18,830 [INFO] IPUIPlugin:80 - create IPUIPlugin
2024-08-13 20:47:18,831 [INFO] PluginManager:220 - loadIPPluginJar : add genericplugin
2024-08-13 20:47:18,833 [INFO] IPUIPlugin:80 - create IPUIPlugin
2024-08-13 20:47:18,833 [INFO] PluginManager:220 - loadIPPluginJar : add cryp
2024-08-13 20:47:18,836 [INFO] IPUIPlugin:80 - create IPUIPlugin
2024-08-13 20:47:18,836 [INFO] PluginManager:220 - loadIPPluginJar : add gpio
2024-08-13 20:47:18,838 [INFO] IPUIPlugin:80 - create IPUIPlugin
2024-08-13 20:47:18,839 [INFO] PluginManager:220 - loadIPPluginJar : add ddr_ctrl_phy
2024-08-13 20:47:18,840 [INFO] IPUIPlugin:80 - create IPUIPlugin
2024-08-13 20:47:18,840 [INFO] PluginManager:220 - loadIPPluginJar : add comp
2024-08-13 20:47:18,841 [INFO] IPUIPlugin:80 - create IPUIPlugin
2024-08-13 20:47:18,842 [INFO] PluginManager:220 - loadIPPluginJar : add tracer_emb
2024-08-13 20:47:18,843 [INFO] IPUIPlugin:80 - create IPUIPlugin
2024-08-13 20:47:18,843 [INFO] PluginManager:220 - loadIPPluginJar : add openamp
2024-08-13 20:47:18,847 [INFO] IPUIPlugin:80 - create IPUIPlugin
2024-08-13 20:47:18,847 [INFO] PluginManager:220 - loadIPPluginJar : add stm32_wpan
2024-08-13 20:47:18,851 [INFO] IPUIPlugin:80 - create IPUIPlugin
2024-08-13 20:47:18,854 [INFO] PluginManager:220 - loadIPPluginJar : add plateformsettings
2024-08-13 20:47:18,857 [INFO] IPUIPlugin:80 - create IPUIPlugin
2024-08-13 20:47:18,857 [INFO] PluginManager:220 - loadIPPluginJar : add ipddr
2024-08-13 20:47:18,859 [INFO] IPUIPlugin:80 - create IPUIPlugin
2024-08-13 20:47:18,859 [INFO] PluginManager:220 - loadIPPluginJar : add usart
2024-08-13 20:47:18,860 [INFO] IPUIPlugin:80 - create IPUIPlugin
2024-08-13 20:47:18,861 [INFO] PluginManager:220 - loadIPPluginJar : add ltdc
2024-08-13 20:47:18,863 [INFO] IPUIPlugin:80 - create IPUIPlugin
2024-08-13 20:47:18,864 [INFO] PluginManager:220 - loadIPPluginJar : add nvic
2024-08-13 20:47:18,865 [INFO] IPUIPlugin:80 - create IPUIPlugin
2024-08-13 20:47:18,865 [INFO] PluginManager:220 - loadIPPluginJar : add fatfs
2024-08-13 20:47:18,871 [INFO] IPUIPlugin:80 - create IPUIPlugin
2024-08-13 20:47:18,871 [INFO] PluginManager:220 - loadIPPluginJar : add linkedlist
2024-08-13 20:47:18,876 [INFO] IPUIPlugin:80 - create IPUIPlugin
2024-08-13 20:47:18,876 [INFO] PluginManager:220 - loadIPPluginJar : add dma
2024-08-13 20:47:18,879 [INFO] IPUIPlugin:80 - create IPUIPlugin
2024-08-13 20:47:18,879 [INFO] PluginManager:220 - loadIPPluginJar : add fmc
2024-08-13 20:47:18,880 [INFO] IPUIPlugin:80 - create IPUIPlugin
2024-08-13 20:47:18,881 [INFO] PluginManager:220 - loadIPPluginJar : add i2s
2024-08-13 20:47:18,882 [INFO] IPUIPlugin:80 - create IPUIPlugin
2024-08-13 20:47:18,882 [INFO] PluginManager:220 - loadIPPluginJar : add ucpd
2024-08-13 20:47:18,885 [INFO] IPUIPlugin:80 - create IPUIPlugin
2024-08-13 20:47:18,885 [INFO] PluginManager:220 - loadIPPluginJar : add lorawan
2024-08-13 20:47:18,887 [INFO] IPUIPlugin:80 - create IPUIPlugin
2024-08-13 20:47:18,887 [INFO] PluginManager:220 - loadIPPluginJar : add opamp
2024-08-13 20:47:18,889 [INFO] IPUIPlugin:80 - create IPUIPlugin
2024-08-13 20:47:18,889 [INFO] PluginManager:220 - loadIPPluginJar : add i3c
2024-08-13 20:47:18,891 [INFO] IPUIPlugin:80 - create IPUIPlugin
2024-08-13 20:47:18,891 [INFO] PluginManager:220 - loadIPPluginJar : add touchsensing
2024-08-13 20:47:18,893 [INFO] IPUIPlugin:80 - create IPUIPlugin
2024-08-13 20:47:18,893 [INFO] PluginManager:220 - loadIPPluginJar : add i2c
2024-08-13 20:47:18,895 [INFO] IPUIPlugin:80 - create IPUIPlugin
2024-08-13 20:47:18,895 [INFO] PluginManager:220 - loadIPPluginJar : add resmgrutility
2024-08-13 20:47:18,897 [INFO] IPUIPlugin:80 - create IPUIPlugin
2024-08-13 20:47:18,897 [INFO] PluginManager:220 - loadIPPluginJar : add sai
2024-08-13 20:47:18,898 [INFO] IPUIPlugin:80 - create IPUIPlugin
2024-08-13 20:47:18,898 [INFO] PluginManager:220 - loadIPPluginJar : add usbx
2024-08-13 20:47:19,017 [INFO] CADModel:165 - CPN selected for project level
2024-08-13 20:47:19,017 [INFO] CADModel:114 - Register for checkConnection events
2024-08-13 20:47:19,019 [FATAL] Updater:334 - Updater called before beeing initialized
2024-08-13 20:47:19,020 [ERROR] CADModel:125 - Updater not yet initialized, retry later 
2024-08-13 20:47:19,406 [INFO] CADModel:165 - CPN selected for project level
2024-08-13 20:47:19,406 [INFO] CADModel:114 - Register for checkConnection events
2024-08-13 20:47:19,406 [FATAL] Updater:334 - Updater called before beeing initialized
2024-08-13 20:47:19,406 [ERROR] CADModel:125 - Updater not yet initialized, retry later 
2024-08-13 20:47:19,410 [FATAL] Updater:334 - Updater called before beeing initialized
2024-08-13 20:47:19,598 [FATAL] Updater:334 - Updater called before beeing initialized
2024-08-13 20:47:19,603 [INFO] DbMcusAds:53 - JSON generation date=Thu May 16 21:22:00 NZST 2024 (1715851320667)
2024-08-13 20:47:19,603 [FATAL] Updater:334 - Updater called before beeing initialized
2024-08-13 20:47:20,664 [WARN] DetailPanel:346 - Failed to get advertising image, set to default
2024-08-13 20:47:20,743 [FATAL] Updater:334 - Updater called before beeing initialized
2024-08-13 20:47:20,744 [FATAL] Updater:334 - Updater called before beeing initialized
2024-08-13 20:47:20,744 [FATAL] Updater:334 - Updater called before beeing initialized
2024-08-13 20:47:20,744 [WARN] DetailPanel:346 - Failed to get advertising image, set to default
2024-08-13 20:47:20,745 [FATAL] Updater:334 - Updater called before beeing initialized
2024-08-13 20:47:20,812 [ERROR] Updater:1164 - MainUpdater not yet initialized. External WinMGr cannot be set.
2024-08-13 20:47:20,820 [INFO] Updater:1100 - Updater Version found : 6.12.0
2024-08-13 20:47:20,839 [INFO] ApplicationProperties:184 - Using Application install path: /Applications/STM32CubeIDE.app/Contents/Eclipse/plugins/com.st.stm32cube.common.mx_6.12.0.202406281431
2024-08-13 20:47:20,901 [INFO] MainUpdater:526 - Copy updater definitions from MX database
2024-08-13 20:47:21,110 [INFO] MainUpdater:2873 - connection check result : 10
2024-08-13 20:47:21,110 [INFO] MainUpdater:3567 - Updater definition file requires update
2024-08-13 20:47:21,110 [INFO] MainUpdater:290 - Updater Check For Update Now.
2024-08-13 20:47:21,111 [INFO] MicroXplorer:498 - Change Database Version : DB.6.0.120
2024-08-13 20:47:21,115 [INFO] McuFinderGlobals:63 - Set McuFinder mode to 2 (CubeIDE integrated)
2024-08-13 20:47:21,116 [INFO] UserAuth:417 - Internet connection configuration mode: 1
2024-08-13 20:47:21,128 [INFO] JxBrowserEngine:152 - Initiate JxBrowser Engine with user profile folder
2024-08-13 20:47:21,132 [WARN] MainUpdater:1194 - Updater busy. Cannot search thirdparties
2024-08-13 20:47:21,133 [INFO] ThirdPartyUpdaterWithRetryManager:96 - Updater plugin is busy. [1/15]
2024-08-13 20:47:21,171 [INFO] ServerAccessManage:473 - Download File updaters.zip
2024-08-13 20:47:21,333 [INFO] FileExtend:240 - Unzip File : updaters.zip
2024-08-13 20:47:21,335 [INFO] FileExtend:255 - Standard Zip Deflate
2024-08-13 20:47:21,673 [INFO] ServerAccessManage:473 - Download File PacksControlFlags.xml
2024-08-13 20:47:21,819 [INFO] ServerAccessManage:473 - Download File cubemx.pidx
2024-08-13 20:47:23,103 [INFO] ServerAccessManage:473 - Download File STMicroelectronics.X-CUBE-AZRTOS-H7.pdsc
2024-08-13 20:47:24,138 [WARN] MainUpdater:1194 - Updater busy. Cannot search thirdparties
2024-08-13 20:47:24,138 [INFO] ThirdPartyUpdaterWithRetryManager:96 - Updater plugin is busy. [2/15]
2024-08-13 20:47:27,144 [WARN] MainUpdater:1194 - Updater busy. Cannot search thirdparties
2024-08-13 20:47:27,144 [INFO] ThirdPartyUpdaterWithRetryManager:96 - Updater plugin is busy. [3/15]
2024-08-13 20:47:28,316 [WARN] PackLoader:240 - Cannot read IP mode file for STMicroelectronics.X-CUBE-AZRTOS-H7.3.3.0
2024-08-13 20:47:28,362 [INFO] PopulateThirdPartyThread:66 - Ending populate Thread
2024-08-13 20:47:28,372 [INFO] ThirdParty:1030 - CMSIS Pack Vendor :STMicroelectronics X-CUBE-AZRTOS-H7 3.3.0
2024-08-13 20:47:28,373 [INFO] LoadServerUpdatesThread:375 - End of LoadServerUpdate Thread
2024-08-13 20:47:28,430 [INFO] CheckServerUpdateThread:120 - End of CheckServer Thread
2024-08-13 20:47:30,319 [WARN] PackLoader:240 - Cannot read IP mode file for STMicroelectronics.FP-SNS-MOTENVWB1.1.4.0
2024-08-13 20:47:30,353 [WARN] PackLoader:240 - Cannot read IP mode file for STMicroelectronics.X-CUBE-SMBUS.2.1.0
2024-08-13 20:47:30,360 [WARN] PackLoader:240 - Cannot read IP mode file for STMicroelectronics.X-CUBE-TOUCHGFX.4.23.1
2024-08-13 20:47:30,362 [WARN] PackLoader:240 - Cannot read IP mode file for STMicroelectronics.X-CUBE-TOUCHGFX.4.23.0
2024-08-13 20:47:30,366 [WARN] PackLoader:240 - Cannot read IP mode file for STMicroelectronics.X-CUBE-TOUCHGFX.4.23.2
2024-08-13 20:47:30,417 [WARN] PackLoader:240 - Cannot read IP mode file for STMicroelectronics.X-CUBE-AZRTOS-F7.1.1.0
2024-08-13 20:47:30,452 [WARN] PackLoader:240 - Cannot read IP mode file for STMicroelectronics.FP-SNS-MOTENV1.4.3.2
2024-08-13 20:47:30,480 [WARN] PackLoader:240 - Cannot read IP mode file for STMicroelectronics.FP-SNS-FLIGHT1.5.0.2
2024-08-13 20:47:30,493 [WARN] PackLoader:240 - Cannot read IP mode file for STMicroelectronics.X-CUBE-DISPLAY.3.0.0
2024-08-13 20:47:30,525 [WARN] PackLoader:240 - Cannot read IP mode file for STMicroelectronics.X-CUBE-BLE1.7.0.0
2024-08-13 20:47:30,538 [WARN] PackLoader:240 - Cannot read IP mode file for emotas.I-CUBE-CANOPEN.1.3.0
2024-08-13 20:47:30,558 [WARN] PackLoader:240 - Cannot read IP mode file for STMicroelectronics.X-CUBE-BLEMGR.3.1.0
2024-08-13 20:47:30,584 [WARN] PackLoader:240 - Cannot read IP mode file for STMicroelectronics.FP-SNS-SMARTAG2.1.2.0
2024-08-13 20:47:30,605 [INFO] LogOutputStream:77 - [STDOUT_REDIRECT] 1 : Invalid condition id : UX_CORESTACK_Condition cause : null
2024-08-13 20:47:30,606 [INFO] LogOutputStream:77 - [STDOUT_REDIRECT] 1 : Invalid condition id : UX_CORESTACK_Condition cause : null
2024-08-13 20:47:30,606 [INFO] LogOutputStream:77 - [STDOUT_REDIRECT] 1 : Invalid condition id : UX_CORESTACK_Condition cause : null
2024-08-13 20:47:30,606 [INFO] LogOutputStream:77 - [STDOUT_REDIRECT] 1 : Invalid condition id : UX_CORESTACK_Condition cause : null
2024-08-13 20:47:30,606 [INFO] LogOutputStream:77 - [STDOUT_REDIRECT] 1 : Invalid condition id : UX_CORESTACK_Condition cause : null
2024-08-13 20:47:30,621 [WARN] PackLoader:240 - Cannot read IP mode file for STMicroelectronics.X-CUBE-AZRTOS-WL.2.0.0
2024-08-13 20:47:30,650 [WARN] PackLoader:240 - Cannot read IP mode file for STMicroelectronics.FP-SNS-MOTENV1.5.0.0
2024-08-13 20:47:30,666 [WARN] PackLoader:240 - Cannot read IP mode file for wolfSSL.I-CUBE-wolfMQTT.1.19.0
2024-08-13 20:47:30,681 [WARN] PackLoader:240 - Cannot read IP mode file for WES.I-CUBE-Cesium.1.3.0
2024-08-13 20:47:30,690 [WARN] PackLoader:240 - Cannot read IP mode file for STMicroelectronics.X-CUBE-BLE2.3.3.0
2024-08-13 20:47:30,699 [WARN] PackLoader:240 - Cannot read IP mode file for STMicroelectronics.X-CUBE-TCPP.4.1.0
2024-08-13 20:47:30,731 [WARN] PackLoader:240 - Cannot read IP mode file for STMicroelectronics.X-CUBE-ALGOBUILD.1.3.0
2024-08-13 20:47:30,796 [WARN] PackLoader:240 - Cannot read IP mode file for STMicroelectronics.X-CUBE-AZRTOS-G0.1.1.0
2024-08-13 20:47:30,838 [WARN] PackLoader:240 - Cannot read IP mode file for STMicroelectronics.X-CUBE-SAFEA1.1.2.2
2024-08-13 20:47:30,884 [WARN] PackLoader:240 - Cannot read IP mode file for STMicroelectronics.X-CUBE-NFC4.3.0.0
2024-08-13 20:47:30,922 [WARN] PackLoader:240 - Cannot read IP mode file for EmbeddedOffice.I-CUBE-FS-RTOS.1.0.1
2024-08-13 20:47:30,927 [ERROR] ConditionMgr:805 - Attr not supported : Dmpu
2024-08-13 20:47:30,928 [ERROR] ConditionMgr:805 - Attr not supported : Dmpu
2024-08-13 20:47:30,929 [ERROR] ConditionMgr:805 - Attr not supported : Dmpu
2024-08-13 20:47:30,929 [ERROR] ConditionMgr:805 - Attr not supported : Dmpu
2024-08-13 20:47:30,929 [ERROR] ConditionMgr:805 - Attr not supported : Dmpu
2024-08-13 20:47:30,932 [ERROR] ConditionMgr:805 - Attr not supported : Dmpu
2024-08-13 20:47:30,932 [ERROR] ConditionMgr:805 - Attr not supported : Dmpu
2024-08-13 20:47:30,932 [ERROR] ConditionMgr:805 - Attr not supported : Dmpu
2024-08-13 20:47:30,933 [ERROR] ConditionMgr:805 - Attr not supported : Dmpu
2024-08-13 20:47:30,933 [ERROR] ConditionMgr:805 - Attr not supported : Dmpu
2024-08-13 20:47:30,933 [ERROR] ConditionMgr:805 - Attr not supported : Dmpu
2024-08-13 20:47:30,933 [ERROR] ConditionMgr:805 - Attr not supported : Dmpu
2024-08-13 20:47:30,934 [ERROR] ConditionMgr:805 - Attr not supported : Dmpu
2024-08-13 20:47:30,935 [ERROR] ConditionMgr:805 - Attr not supported : Dmpu
2024-08-13 20:47:30,936 [ERROR] ConditionMgr:805 - Attr not supported : Dmpu
2024-08-13 20:47:30,938 [ERROR] ConditionMgr:805 - Attr not supported : Dmpu
2024-08-13 20:47:30,938 [ERROR] ConditionMgr:805 - Attr not supported : Dmpu
2024-08-13 20:47:30,939 [ERROR] ConditionMgr:805 - Attr not supported : Dmpu
2024-08-13 20:47:30,939 [ERROR] ConditionMgr:805 - Attr not supported : Dmpu
2024-08-13 20:47:30,939 [ERROR] ConditionMgr:805 - Attr not supported : Dmpu
2024-08-13 20:47:30,939 [ERROR] ConditionMgr:805 - Attr not supported : Dmpu
2024-08-13 20:47:30,939 [ERROR] ConditionMgr:805 - Attr not supported : Dmpu
2024-08-13 20:47:30,939 [ERROR] ConditionMgr:805 - Attr not supported : Dmpu
2024-08-13 20:47:30,940 [ERROR] ConditionMgr:805 - Attr not supported : Dmpu
2024-08-13 20:47:30,940 [ERROR] ConditionMgr:805 - Attr not supported : Dmpu
2024-08-13 20:47:30,940 [ERROR] ConditionMgr:805 - Attr not supported : Dmpu
2024-08-13 20:47:30,940 [ERROR] ConditionMgr:805 - Attr not supported : Dmpu
2024-08-13 20:47:30,940 [ERROR] ConditionMgr:805 - Attr not supported : Dmpu
2024-08-13 20:47:30,940 [ERROR] ConditionMgr:805 - Attr not supported : Dmpu
2024-08-13 20:47:30,940 [ERROR] ConditionMgr:805 - Attr not supported : Dmpu
2024-08-13 20:47:30,940 [ERROR] ConditionMgr:805 - Attr not supported : Dmpu
2024-08-13 20:47:30,940 [ERROR] ConditionMgr:805 - Attr not supported : Dmpu
2024-08-13 20:47:30,940 [ERROR] ConditionMgr:805 - Attr not supported : Dmpu
2024-08-13 20:47:30,940 [ERROR] ConditionMgr:805 - Attr not supported : Dmpu
2024-08-13 20:47:30,940 [ERROR] ConditionMgr:805 - Attr not supported : Dmpu
2024-08-13 20:47:30,940 [ERROR] ConditionMgr:805 - Attr not supported : Dmpu
2024-08-13 20:47:30,942 [ERROR] ConditionMgr:805 - Attr not supported : Dmpu
2024-08-13 20:47:30,943 [ERROR] ConditionMgr:805 - Attr not supported : Dmpu
2024-08-13 20:47:30,944 [ERROR] ConditionMgr:805 - Attr not supported : Dmpu
2024-08-13 20:47:30,944 [ERROR] ConditionMgr:805 - Attr not supported : Dmpu
2024-08-13 20:47:30,944 [ERROR] ConditionMgr:805 - Attr not supported : Dmpu
2024-08-13 20:47:30,944 [ERROR] ConditionMgr:805 - Attr not supported : Dmpu
2024-08-13 20:47:30,944 [ERROR] ConditionMgr:805 - Attr not supported : Dmpu
2024-08-13 20:47:30,944 [ERROR] ConditionMgr:805 - Attr not supported : Dmpu
2024-08-13 20:47:30,944 [ERROR] ConditionMgr:805 - Attr not supported : Dmpu
2024-08-13 20:47:30,945 [ERROR] ConditionMgr:805 - Attr not supported : Dmpu
2024-08-13 20:47:30,945 [ERROR] ConditionMgr:805 - Attr not supported : Dmpu
2024-08-13 20:47:30,945 [ERROR] ConditionMgr:805 - Attr not supported : Dmpu
2024-08-13 20:47:30,945 [ERROR] ConditionMgr:805 - Attr not supported : Dmpu
2024-08-13 20:47:30,945 [ERROR] ConditionMgr:805 - Attr not supported : Dmpu
2024-08-13 20:47:30,945 [ERROR] ConditionMgr:805 - Attr not supported : Dmpu
2024-08-13 20:47:30,945 [ERROR] ConditionMgr:805 - Attr not supported : Dmpu
2024-08-13 20:47:30,945 [ERROR] ConditionMgr:805 - Attr not supported : Dmpu
2024-08-13 20:47:30,945 [ERROR] ConditionMgr:805 - Attr not supported : Dmpu
2024-08-13 20:47:30,945 [ERROR] ConditionMgr:805 - Attr not supported : Dmpu
2024-08-13 20:47:30,945 [ERROR] ConditionMgr:805 - Attr not supported : Dmpu
2024-08-13 20:47:30,945 [ERROR] ConditionMgr:805 - Attr not supported : Dmpu
2024-08-13 20:47:30,945 [ERROR] ConditionMgr:805 - Attr not supported : Dmpu
2024-08-13 20:47:30,946 [ERROR] ConditionMgr:805 - Attr not supported : Dmpu
2024-08-13 20:47:30,946 [ERROR] ConditionMgr:805 - Attr not supported : Dmpu
2024-08-13 20:47:30,946 [ERROR] ConditionMgr:805 - Attr not supported : Dmpu
2024-08-13 20:47:30,946 [ERROR] ConditionMgr:805 - Attr not supported : Dmpu
2024-08-13 20:47:30,946 [ERROR] ConditionMgr:805 - Attr not supported : Dmpu
2024-08-13 20:47:30,946 [ERROR] ConditionMgr:805 - Attr not supported : Dmpu
2024-08-13 20:47:30,980 [WARN] PackLoader:240 - Cannot read IP mode file for STMicroelectronics.X-CUBE-BLEMGR.3.0.0
2024-08-13 20:47:31,001 [WARN] PackLoader:240 - Cannot read IP mode file for RealThread.X-CUBE-RT-Thread_Nano.4.1.1
2024-08-13 20:47:31,008 [WARN] PackLoader:240 - Cannot read IP mode file for STMicroelectronics.FP-ATR-SIGFOX1.3.2.0
2024-08-13 20:47:31,017 [WARN] PackLoader:240 - Cannot read IP mode file for STMicroelectronics.X-CUBE-EEPRMA1.5.1.0
2024-08-13 20:47:31,163 [WARN] PackLoader:240 - Cannot read IP mode file for SEGGER.I-CUBE-embOS.1.3.1
2024-08-13 20:47:31,316 [WARN] PackLoader:240 - Cannot read IP mode file for STMicroelectronics.X-CUBE-ALGOBUILD.1.4.0
2024-08-13 20:47:31,334 [WARN] PackLoader:240 - Cannot read IP mode file for STMicroelectronics.X-CUBE-GNSS1.6.0.0
2024-08-13 20:47:31,365 [WARN] PackLoader:240 - Cannot read IP mode file for STMicroelectronics.X-CUBE-AZRTOS-F4.1.1.0
2024-08-13 20:47:31,380 [WARN] PackLoader:240 - Cannot read IP mode file for STMicroelectronics.X-CUBE-FREERTOS.1.2.0
2024-08-13 20:47:31,386 [WARN] PackLoader:240 - Cannot read IP mode file for wolfSSL.I-CUBE-wolfSSL.5.6.6
2024-08-13 20:47:31,415 [WARN] PackLoader:240 - Cannot read IP mode file for STMicroelectronics.X-CUBE-AZRTOS-L5.2.0.0
2024-08-13 20:47:31,435 [WARN] PackLoader:240 - Cannot read IP mode file for STMicroelectronics.X-CUBE-EEPRMA1.4.2.0
2024-08-13 20:47:31,458 [WARN] PackLoader:240 - Cannot read IP mode file for STMicroelectronics.X-CUBE-NFC6.3.1.0
2024-08-13 20:47:31,474 [WARN] PackLoader:240 - Cannot read IP mode file for ITTIA_DB.I-CUBE-ITTIADB.8.8.0
2024-08-13 20:47:31,483 [WARN] PackLoader:240 - Cannot read IP mode file for STMicroelectronics.X-CUBE-DPower.1.2.0
2024-08-13 20:47:31,488 [WARN] PackLoader:240 - Cannot read IP mode file for STMicroelectronics.X-CUBE-AI.9.0.0
2024-08-13 20:47:31,505 [WARN] PackLoader:240 - Cannot read IP mode file for STMicroelectronics.X-CUBE-NFC7.1.0.1
2024-08-13 20:47:31,509 [WARN] PackLoader:240 - Cannot read IP mode file for wolfSSL.I-CUBE-wolfTPM.3.2.0
2024-08-13 20:47:31,517 [WARN] PackLoader:240 - Cannot read IP mode file for STMicroelectronics.X-CUBE-NFC6.3.0.0
2024-08-13 20:47:31,524 [WARN] PackLoader:240 - Cannot read IP mode file for STMicroelectronics.X-CUBE-AI.8.1.0
2024-08-13 20:47:31,587 [WARN] ConditionMgr:438 - getConditionDescription Invalid condition id : LAN8742 Phy interface Condition cause : null
2024-08-13 20:47:31,589 [WARN] PackLoader:240 - Cannot read IP mode file for STMicroelectronics.X-CUBE-AZRTOS-L4.2.0.0
2024-08-13 20:47:31,595 [WARN] ConditionMgr:1039 - genDependencies : Invalid condition id : LAN8742 Phy interface Condition cause : null
2024-08-13 20:47:31,595 [WARN] ConditionMgr:1039 - genDependencies : Invalid condition id : LAN8742 Phy interface Condition cause : null
2024-08-13 20:47:31,596 [WARN] ConditionMgr:1039 - genDependencies : Invalid condition id : LAN8742 Phy interface Condition cause : null
2024-08-13 20:47:31,611 [WARN] PackLoader:240 - Cannot read IP mode file for STMicroelectronics.X-CUBE-SFXS2LP1.4.0.0
2024-08-13 20:47:31,646 [WARN] PackLoader:240 - Cannot read IP mode file for STMicroelectronics.X-CUBE-AZRTOS-H7.3.3.0
2024-08-13 20:47:31,667 [WARN] ConditionMgr:438 - getConditionDescription Invalid condition id : UX DEVICE CLASS RTOS Condition cause : null
2024-08-13 20:47:31,668 [WARN] ConditionMgr:438 - getConditionDescription Invalid condition id : UX DEVICE CLASS RTOS Condition cause : null
2024-08-13 20:47:31,672 [WARN] PackLoader:240 - Cannot read IP mode file for STMicroelectronics.X-CUBE-AZRTOS-WB.2.0.0
2024-08-13 20:47:31,674 [WARN] ConditionMgr:1039 - genDependencies : Invalid condition id : UX DEVICE CLASS RTOS Condition cause : null
2024-08-13 20:47:31,675 [WARN] ConditionMgr:1039 - genDependencies : Invalid condition id : UX DEVICE CLASS RTOS Condition cause : null
2024-08-13 20:47:31,676 [WARN] ConditionMgr:1039 - genDependencies : Invalid condition id : UX DEVICE CLASS RTOS Condition cause : null
2024-08-13 20:47:31,676 [WARN] ConditionMgr:1039 - genDependencies : Invalid condition id : UX DEVICE CLASS RTOS Condition cause : null
2024-08-13 20:47:31,676 [WARN] ConditionMgr:1039 - genDependencies : Invalid condition id : UX DEVICE CLASS RTOS Condition cause : null
2024-08-13 20:47:31,706 [WARN] PackLoader:240 - Cannot read IP mode file for STMicroelectronics.FP-SNS-STBOX1.2.0.0
2024-08-13 20:47:31,734 [WARN] PackLoader:240 - Cannot read IP mode file for STMicroelectronics.X-CUBE-SUBG2.5.0.0
2024-08-13 20:47:31,753 [WARN] PackLoader:240 - Cannot read IP mode file for Cesanta.I-CUBE-Mongoose.7.13.0
2024-08-13 20:47:31,772 [WARN] PackLoader:240 - Cannot read IP mode file for STMicroelectronics.X-CUBE-AZRTOS-G4.2.0.0
2024-08-13 20:47:31,791 [WARN] PackLoader:240 - Cannot read IP mode file for Infineon.AIROC-Wi-Fi-Bluetooth-STM32.1.5.1
2024-08-13 20:47:31,816 [WARN] PackLoader:240 - Cannot read IP mode file for STMicroelectronics.FP-SNS-MOTENVWB1.1.3.1
2024-08-13 20:47:31,825 [WARN] PackLoader:240 - Cannot read IP mode file for STMicroelectronics.X-CUBE-ISPU.2.0.0
2024-08-13 20:47:31,829 [WARN] PackLoader:240 - Cannot read IP mode file for STMicroelectronics.X-CUBE-ALS.1.0.2
2024-08-13 20:47:31,893 [WARN] PackLoader:240 - Cannot read IP mode file for STMicroelectronics.X-CUBE-MEMS1.10.0.0
2024-08-13 20:47:32,008 [WARN] PackLoader:240 - Cannot read IP mode file for STMicroelectronics.X-CUBE-FREERTOS.1.1.0
2024-08-13 20:47:32,021 [WARN] PackLoader:240 - Cannot read IP mode file for STMicroelectronics.X-CUBE-TOUCHGFX.4.24.0
2024-08-13 20:47:32,030 [WARN] PackLoader:240 - Cannot read IP mode file for portGmbH.I-Cube-SoM-uGOAL.1.1.0
2024-08-13 20:47:32,037 [WARN] PackLoader:240 - Cannot read IP mode file for STMicroelectronics.X-CUBE-ALS.1.0.1
2024-08-13 20:47:32,059 [WARN] PackLoader:240 - Cannot read IP mode file for STMicroelectronics.X-CUBE-AZRTOS-H7RS.1.0.0
2024-08-13 20:47:32,072 [WARN] PackLoader:240 - Cannot read IP mode file for STMicroelectronics.FP-ATR-ASTRA1.2.0.0
2024-08-13 20:47:32,083 [WARN] PackLoader:240 - Cannot read IP mode file for STMicroelectronics.X-CUBE-TOF1.3.4.2
2024-08-13 20:47:32,111 [WARN] PackLoader:240 - Cannot read IP mode file for STMicroelectronics.X-CUBE-TOF1.3.4.0
2024-08-13 20:47:32,148 [WARN] PackLoader:240 - Cannot read IP mode file for STMicroelectronics.X-CUBE-TOF1.3.4.1
2024-08-13 20:47:32,184 [WARN] PackLoader:240 - Cannot read IP mode file for STMicroelectronics.X-CUBE-AZRTOS-H7.3.2.0
2024-08-13 20:47:32,194 [WARN] PackLoader:240 - Cannot read IP mode file for wolfSSL.I-CUBE-wolfSSH.1.4.17
2024-08-13 20:47:32,195 [INFO] ThirdParty:978 - Integrity check success = true
2024-08-13 20:47:32,195 [INFO] IntegrityCheckThread:100 - exiting critical section [integrity check]
2024-08-13 20:47:32,195 [INFO] IntegrityCheckThread:103 - End integrity checks thread
2024-08-13 20:47:59,544 [INFO] WebApp:167 - Instantiating new browser for Auth
2024-08-13 20:48:01,370 [INFO] WebApp:448 - Apply proxy settings
2024-08-13 20:48:01,391 [INFO] WebApp:493 - Chromium authenticates against Manually configured proxy
2024-08-13 20:48:01,463 [INFO] WebApp:501 - Username used for proxy authentication: 
2024-08-13 20:48:01,527 [INFO] WebApp:869 - Register for checkConnection events
2024-08-13 20:48:01,528 [INFO] WebApp:448 - Apply proxy settings
2024-08-13 20:48:01,531 [INFO] WebApp:493 - Chromium authenticates against Manually configured proxy
2024-08-13 20:48:01,532 [INFO] WebApp:501 - Username used for proxy authentication: 
2024-08-13 20:48:01,717 [INFO] WebApp:220 - Starting web application
2024-08-13 20:48:01,717 [INFO] WebApp:578 - Web application path used /Applications/STM32CubeIDE.app/Contents/Eclipse/plugins/com.st.stm32cube.common.mx_6.12.0.202406281431/db/plugins/mcufinder/reactClient1/index.html
2024-08-13 20:48:02,309 [INFO] UserAuth:417 - Internet connection configuration mode: 1
2024-08-13 20:48:02,462 [INFO] WebApp:186 - Connection restablished
2024-08-13 20:52:42,146 [INFO] McuFinderGlobals:63 - Set McuFinder mode to 2 (CubeIDE integrated)
2024-08-13 20:52:42,156 [INFO] UserAuth:417 - Internet connection configuration mode: 1
2024-08-13 20:52:42,173 [INFO] UserAuth:179 - activating auth plugin
2024-08-13 20:52:42,190 [INFO] UserAuth:417 - Internet connection configuration mode: 1
2024-08-13 20:53:37,606 [INFO] McuFinderGlobals:63 - Set McuFinder mode to 2 (CubeIDE integrated)
2024-08-13 20:53:37,609 [INFO] UserAuth:179 - activating auth plugin
2024-08-13 20:53:37,627 [INFO] UserAuth:417 - Internet connection configuration mode: 1
2024-08-13 20:56:21,631 [INFO] WebApp:643 - userauth.ini created with success
